Performing C SOURCE FILE Test CMAKE_HAVE_LIBC_PTHREAD failed with the following output:
Change Dir: /home/diego/proyectos/cr_c/build/CMakeFiles/CMakeScratch/TryCompile-9Or3jH

Run Build Command(s):/usr/bin/ninja cmTC_fc8f6 && [1/2] Building C object CMakeFiles/cmTC_fc8f6.dir/src.c.obj
[2/2] Linking C executable cmTC_fc8f6
FAILED: cmTC_fc8f6 
: && /home/diego/.espressif/tools/riscv32-esp-elf/esp-2022r1-11.2.0/riscv32-esp-elf/bin/riscv32-esp-elf-gcc -march=rv32imc -nostartfiles -march=rv32imc --specs=nosys.specs CMakeFiles/cmTC_fc8f6.dir/src.c.obj -o cmTC_fc8f6   && :
/home/diego/.espressif/tools/riscv32-esp-elf/esp-2022r1-11.2.0/riscv32-esp-elf/bin/../lib/gcc/riscv32-esp-elf/11.2.0/../../../../riscv32-esp-elf/bin/ld: warning: cannot find entry symbol _start; defaulting to 0000000000010054
/home/diego/.espressif/tools/riscv32-esp-elf/esp-2022r1-11.2.0/riscv32-esp-elf/bin/../lib/gcc/riscv32-esp-elf/11.2.0/../../../../riscv32-esp-elf/bin/ld: CMakeFiles/cmTC_fc8f6.dir/src.c.obj: in function `main':
src.c:(.text+0x2e): undefined reference to `pthread_create'
/home/diego/.espressif/tools/riscv32-esp-elf/esp-2022r1-11.2.0/riscv32-esp-elf/bin/../lib/gcc/riscv32-esp-elf/11.2.0/../../../../riscv32-esp-elf/bin/ld: src.c:(.text+0x3c): undefined reference to `pthread_detach'
/home/diego/.espressif/tools/riscv32-esp-elf/esp-2022r1-11.2.0/riscv32-esp-elf/bin/../lib/gcc/riscv32-esp-elf/11.2.0/../../../../riscv32-esp-elf/bin/ld: src.c:(.text+0x4a): undefined reference to `pthread_cancel'
/home/diego/.espressif/tools/riscv32-esp-elf/esp-2022r1-11.2.0/riscv32-esp-elf/bin/../lib/gcc/riscv32-esp-elf/11.2.0/../../../../riscv32-esp-elf/bin/ld: src.c:(.text+0x5a): undefined reference to `pthread_join'
/home/diego/.espressif/tools/riscv32-esp-elf/esp-2022r1-11.2.0/riscv32-esp-elf/bin/../lib/gcc/riscv32-esp-elf/11.2.0/../../../../riscv32-esp-elf/bin/ld: src.c:(.text+0x68): undefined reference to `pthread_atfork'
/home/diego/.espressif/tools/riscv32-esp-elf/esp-2022r1-11.2.0/riscv32-esp-elf/bin/../lib/gcc/riscv32-esp-elf/11.2.0/../../../../riscv32-esp-elf/bin/ld: src.c:(.text+0x72): undefined reference to `pthread_exit'
collect2: error: ld returned 1 exit status
ninja: build stopped: subcommand failed.


Source file was:
#include <pthread.h>

static void* test_func(void* data)
{
  return data;
}

int main(void)
{
  pthread_t thread;
  pthread_create(&thread, NULL, test_func, NULL);
  pthread_detach(thread);
  pthread_cancel(thread);
  pthread_join(thread, NULL);
  pthread_atfork(NULL, NULL, NULL);
  pthread_exit(NULL);

  return 0;
}


Determining if the function pthread_create exists in the pthreads failed with the following output:
Change Dir: /home/diego/proyectos/cr_c/build/CMakeFiles/CMakeScratch/TryCompile-esHTnL

Run Build Command(s):/usr/bin/ninja cmTC_115ab && [1/2] Building C object CMakeFiles/cmTC_115ab.dir/CheckFunctionExists.c.obj
[2/2] Linking C executable cmTC_115ab
FAILED: cmTC_115ab 
: && /home/diego/.espressif/tools/riscv32-esp-elf/esp-2022r1-11.2.0/riscv32-esp-elf/bin/riscv32-esp-elf-gcc -march=rv32imc  -DCHECK_FUNCTION_EXISTS=pthread_create -nostartfiles -march=rv32imc --specs=nosys.specs CMakeFiles/cmTC_115ab.dir/CheckFunctionExists.c.obj -o cmTC_115ab  -lpthreads && :
/home/diego/.espressif/tools/riscv32-esp-elf/esp-2022r1-11.2.0/riscv32-esp-elf/bin/../lib/gcc/riscv32-esp-elf/11.2.0/../../../../riscv32-esp-elf/bin/ld: cannot find -lpthreads
collect2: error: ld returned 1 exit status
ninja: build stopped: subcommand failed.



Determining if the function pthread_create exists in the pthread failed with the following output:
Change Dir: /home/diego/proyectos/cr_c/build/CMakeFiles/CMakeScratch/TryCompile-k5Ghk9

Run Build Command(s):/usr/bin/ninja cmTC_9ac0a && [1/2] Building C object CMakeFiles/cmTC_9ac0a.dir/CheckFunctionExists.c.obj
[2/2] Linking C executable cmTC_9ac0a
FAILED: cmTC_9ac0a 
: && /home/diego/.espressif/tools/riscv32-esp-elf/esp-2022r1-11.2.0/riscv32-esp-elf/bin/riscv32-esp-elf-gcc -march=rv32imc  -DCHECK_FUNCTION_EXISTS=pthread_create -nostartfiles -march=rv32imc --specs=nosys.specs CMakeFiles/cmTC_9ac0a.dir/CheckFunctionExists.c.obj -o cmTC_9ac0a  -lpthread && :
/home/diego/.espressif/tools/riscv32-esp-elf/esp-2022r1-11.2.0/riscv32-esp-elf/bin/../lib/gcc/riscv32-esp-elf/11.2.0/../../../../riscv32-esp-elf/bin/ld: cannot find -lpthread
collect2: error: ld returned 1 exit status
ninja: build stopped: subcommand failed.



Determining if compiler accepts -pthread failed with the following output:
Change Dir: /home/diego/proyectos/cr_c/build/CMakeFiles/CMakeScratch/TryCompile-cbANAr

Run Build Command(s):/usr/bin/ninja cmTC_32f63 && [1/2] Building C object CMakeFiles/cmTC_32f63.dir/CheckForPthreads.c.obj
[2/2] Linking C executable cmTC_32f63
FAILED: cmTC_32f63 
: && /home/diego/.espressif/tools/riscv32-esp-elf/esp-2022r1-11.2.0/riscv32-esp-elf/bin/riscv32-esp-elf-gcc -march=rv32imc -nostartfiles -march=rv32imc --specs=nosys.specs CMakeFiles/cmTC_32f63.dir/CheckForPthreads.c.obj -o cmTC_32f63  -pthread && :
riscv32-esp-elf-gcc: error: unrecognized command-line option '-pthread'
ninja: build stopped: subcommand failed.



